<?xml version="1.0" encoding="UTF-8"?>
<testsuite xmlns:xsi="http://www.w3.org/2001/XMLSchema-instance" xsi:noNamespaceSchemaLocation="https://maven.apache.org/surefire/maven-surefire-plugin/xsd/surefire-test-report.xsd" name="com.airline.planes.PlaneTest" time="0.029" tests="11" errors="0" skipped="0" failures="0">
  <properties>
[...]
</properties>
  <testcase name="testGetLoadCapacity" classname="com.airline.planes.PlaneTest" time="0.002"/>
  <testcase name="testGetModel" classname="com.airline.planes.PlaneTest" time="0"/>
  <testcase name="testGetRange" classname="com.airline.planes.PlaneTest" time="0"/>
  <testcase name="testGetId" classname="com.airline.planes.PlaneTest" time="0"/>
  <testcase name="testSetId" classname="com.airline.planes.PlaneTest" time="0"/>
  <testcase name="testGetType" classname="com.airline.planes.PlaneTest" time="0"/>
  <testcase name="testGetPassengerCapacity" classname="com.airline.planes.PlaneTest" time="0"/>
  <testcase name="testGetfuelConsumption" classname="com.airline.planes.PlaneTest" time="0.001"/>
  <testcase name="testAirlinerFlightPrice" classname="com.airline.planes.PlaneTest" time="0.002"/>
  <testcase name="testPrivateJetFlightPrice" classname="com.airline.planes.PlaneTest" time="0"/>
  <testcase name="testCargoPlaneFlightPrice" classname="com.airline.planes.PlaneTest" time="0.001"/>
</testsuite>